<?xml version="1.0" encoding="UTF-8"?>
<testsuite name="collections_framework.ListCarTest" tests="7" skipped="0" failures="0" errors="0" timestamp="2024-04-16T06:07:20" hostname="DESKTOP-2CAPBEN" time="0.054">
  <properties/>
  <testcase name="whenAdded100ElementsThenSizeMustBe100()" classname="collections_framework.ListCarTest" time="0.029"/>
  <testcase name="methodGetReturnedRightValue()" classname="collections_framework.ListCarTest" time="0.003"/>
  <testcase name="whenElementRemovedByIndexThenSizeMustBeDecreased()" classname="collections_framework.ListCarTest" time="0.003"/>
  <testcase name="whenListClearedThenSizeMustBe0()" classname="collections_framework.ListCarTest" time="0.002"/>
  <testcase name="whenElementRemovedThenSizeMustBeDecreased()" classname="collections_framework.ListCarTest" time="0.003"/>
  <testcase name="whenNonExistentElementRemovedThenReturnFalse()" classname="collections_framework.ListCarTest" time="0.002"/>
  <testcase name="whenIndexOutOfBoundsThenThrownException()" classname="collections_framework.ListCarTest" time="0.003"/>
  <system-out><![CDATA[]]></system-out>
  <system-err><![CDATA[]]></system-err>
</testsuite>
