<?xml version="1.0" encoding="UTF-8"?>
<testsuite name="set.CarSetTest" tests="5" skipped="0" failures="0" errors="0" timestamp="2024-05-01T06:48:02" hostname="DESKTOP-51PTHGF" time="0.217">
  <properties/>
  <testcase name="testForeach()" classname="set.CarSetTest" time="0.121"/>
  <testcase name="clear()" classname="set.CarSetTest" time="0.006"/>
  <testcase name="whenWeCheckTheExistenceOfAnObjectInAColumn()" classname="set.CarSetTest" time="0.025"/>
  <testcase name="whenAdd3SimilarObjectsThenSizeIncreaseBy1()" classname="set.CarSetTest" time="0.015"/>
  <testcase name="elementIsInTheListAndTheElementIsRemoved()" classname="set.CarSetTest" time="0.007"/>
  <system-out><![CDATA[]]></system-out>
  <system-err><![CDATA[]]></system-err>
</testsuite>
