<?xml version="1.0" encoding="UTF-8"?>
<testsuite name="set.CarSetTest" tests="4" skipped="0" failures="0" errors="0" timestamp="2024-04-28T05:49:05" hostname="DESKTOP-2CAPBEN" time="0.044">
  <properties/>
  <testcase name="clear()" classname="set.CarSetTest" time="0.031"/>
  <testcase name="whenWeCheckTheExistenceOfAnObjectInAColumn()" classname="set.CarSetTest" time="0.002"/>
  <testcase name="whenAdd3SimilarObjectsThenSizeIncreaseBy1()" classname="set.CarSetTest" time="0.002"/>
  <testcase name="elementIsInTheListAndTheElementIsRemoved()" classname="set.CarSetTest" time="0.003"/>
  <system-out><![CDATA[]]></system-out>
  <system-err><![CDATA[]]></system-err>
</testsuite>
